<?xml version="1.0" encoding="UTF-8"?>
<testsuite xmlns:xsi="http://www.w3.org/2001/XMLSchema-instance" xsi:noNamespaceSchemaLocation="https://maven.apache.org/surefire/maven-surefire-plugin/xsd/surefire-test-report.xsd" version="3.0.2" name="TestSuite" time="149.794" tests="5" errors="0" skipped="0" failures="0">
  <properties>
    <property name="java.specification.version" value="21"/>
    <property name="sun.cpu.isalist" value="amd64"/>
    <property name="sun.jnu.encoding" value="Cp1252"/>
    <property name="java.class.path" value="C:\Users\sowmy\CICD project\SeleniumFrameWorkDesign\target\test-classes;C:\Users\sowmy\CICD project\SeleniumFrameWorkDesign\target\classes;C:\Users\sowmy\.m2\repository\io\cucumber\cucumber-java\7.21.1\cucumber-java-7.21.1.jar;C:\Users\sowmy\.m2\repository\io\cucumber\cucumber-core\7.21.1\cucumber-core-7.21.1.jar;C:\Users\sowmy\.m2\repository\io\cucumber\cucumber-gherkin\7.21.1\cucumber-gherkin-7.21.1.jar;C:\Users\sowmy\.m2\repository\io\cucumber\cucumber-gherkin-messages\7.21.1\cucumber-gherkin-messages-7.21.1.jar;C:\Users\sowmy\.m2\repository\io\cucumber\gherkin\31.0.0\gherkin-31.0.0.jar;C:\Users\sowmy\.m2\repository\io\cucumber\messages\27.2.0\messages-27.2.0.jar;C:\Users\sowmy\.m2\repository\io\cucumber\testng-xml-formatter\0.3.1\testng-xml-formatter-0.3.1.jar;C:\Users\sowmy\.m2\repository\io\cucumber\query\13.2.0\query-13.2.0.jar;C:\Users\sowmy\.m2\repository\io\cucumber\tag-expressions\6.1.2\tag-expressions-6.1.2.jar;C:\Users\sowmy\.m2\repository\io\cucumber\cucumber-expressions\18.0.1\cucumber-expressions-18.0.1.jar;C:\Users\sowmy\.m2\repository\io\cucumber\datatable\7.21.1\datatable-7.21.1.jar;C:\Users\sowmy\.m2\repository\io\cucumber\cucumber-plugin\7.21.1\cucumber-plugin-7.21.1.jar;C:\Users\sowmy\.m2\repository\io\cucumber\docstring\7.21.1\docstring-7.21.1.jar;C:\Users\sowmy\.m2\repository\io\cucumber\html-formatter\21.9.0\html-formatter-21.9.0.jar;C:\Users\sowmy\.m2\repository\io\cucumber\junit-xml-formatter\0.7.1\junit-xml-formatter-0.7.1.jar;C:\Users\sowmy\.m2\repository\io\cucumber\ci-environment\10.0.1\ci-environment-10.0.1.jar;C:\Users\sowmy\.m2\repository\org\apiguardian\apiguardian-api\1.1.2\apiguardian-api-1.1.2.jar;C:\Users\sowmy\.m2\repository\io\cucumber\cucumber-testng\7.21.1\cucumber-testng-7.21.1.jar;C:\Users\sowmy\.m2\repository\org\projectlombok\lombok\1.18.36\lombok-1.18.36.jar;C:\Users\sowmy\.m2\repository\org\seleniumhq\selenium\selenium-java\4.30.0\selenium-java-4.30.0.jar;C:\Users\sowmy\.m2\repository\org\seleniumhq\selenium\selenium-api\4.30.0\selenium-api-4.30.0.jar;C:\Users\sowmy\.m2\repository\org\jspecify\jspecify\1.0.0\jspecify-1.0.0.jar;C:\Users\sowmy\.m2\repository\org\seleniumhq\selenium\selenium-chrome-driver\4.30.0\selenium-chrome-driver-4.30.0.jar;C:\Users\sowmy\.m2\repository\com\google\auto\service\auto-service-annotations\1.1.1\auto-service-annotations-1.1.1.jar;C:\Users\sowmy\.m2\repository\org\seleniumhq\selenium\selenium-chromium-driver\4.30.0\selenium-chromium-driver-4.30.0.jar;C:\Users\sowmy\.m2\repository\org\seleniumhq\selenium\selenium-json\4.30.0\selenium-json-4.30.0.jar;C:\Users\sowmy\.m2\repository\org\seleniumhq\selenium\selenium-manager\4.30.0\selenium-manager-4.30.0.jar;C:\Users\sowmy\.m2\repository\org\seleniumhq\selenium\selenium-devtools-v132\4.30.0\selenium-devtools-v132-4.30.0.jar;C:\Users\sowmy\.m2\repository\org\seleniumhq\selenium\selenium-devtools-v133\4.30.0\selenium-devtools-v133-4.30.0.jar;C:\Users\sowmy\.m2\repository\org\seleniumhq\selenium\selenium-devtools-v134\4.30.0\selenium-devtools-v134-4.30.0.jar;C:\Users\sowmy\.m2\repository\org\seleniumhq\selenium\selenium-edge-driver\4.30.0\selenium-edge-driver-4.30.0.jar;C:\Users\sowmy\.m2\repository\org\seleniumhq\selenium\selenium-firefox-driver\4.30.0\selenium-firefox-driver-4.30.0.jar;C:\Users\sowmy\.m2\repository\org\seleniumhq\selenium\selenium-http\4.30.0\selenium-http-4.30.0.jar;C:\Users\sowmy\.m2\repository\org\seleniumhq\selenium\selenium-ie-driver\4.30.0\selenium-ie-driver-4.30.0.jar;C:\Users\sowmy\.m2\repository\org\seleniumhq\selenium\selenium-remote-driver\4.30.0\selenium-remote-driver-4.30.0.jar;C:\Users\sowmy\.m2\repository\com\google\guava\guava\33.4.5-jre\guava-33.4.5-jre.jar;C:\Users\sowmy\.m2\repository\com\google\guava\failureaccess\1.0.3\failureaccess-1.0.3.jar;C:\Users\sowmy\.m2\repository\com\google\guava\listenablefuture\9999.0-empty-to-avoid-conflict-with-guava\listenablefuture-9999.0-empty-to-avoid-conflict-with-guava.jar;C:\Users\sowmy\.m2\repository\com\google\errorprone\error_prone_annotations\2.36.0\error_prone_annotations-2.36.0.jar;C:\Users\sowmy\.m2\repository\com\google\j2objc\j2objc-annotations\3.0.0\j2objc-annotations-3.0.0.jar;C:\Users\sowmy\.m2\repository\io\opentelemetry\opentelemetry-api\1.48.0\opentelemetry-api-1.48.0.jar;C:\Users\sowmy\.m2\repository\io\opentelemetry\opentelemetry-context\1.48.0\opentelemetry-context-1.48.0.jar;C:\Users\sowmy\.m2\repository\io\opentelemetry\opentelemetry-exporter-logging\1.48.0\opentelemetry-exporter-logging-1.48.0.jar;C:\Users\sowmy\.m2\repository\io\opentelemetry\opentelemetry-sdk-common\1.48.0\opentelemetry-sdk-common-1.48.0.jar;C:\Users\sowmy\.m2\repository\io\opentelemetry\opentelemetry-sdk-extension-autoconfigure-spi\1.48.0\opentelemetry-sdk-extension-autoconfigure-spi-1.48.0.jar;C:\Users\sowmy\.m2\repository\io\opentelemetry\opentelemetry-sdk-extension-autoconfigure\1.48.0\opentelemetry-sdk-extension-autoconfigure-1.48.0.jar;C:\Users\sowmy\.m2\repository\io\opentelemetry\opentelemetry-sdk-trace\1.48.0\opentelemetry-sdk-trace-1.48.0.jar;C:\Users\sowmy\.m2\repository\io\opentelemetry\opentelemetry-sdk\1.48.0\opentelemetry-sdk-1.48.0.jar;C:\Users\sowmy\.m2\repository\io\opentelemetry\opentelemetry-sdk-metrics\1.48.0\opentelemetry-sdk-metrics-1.48.0.jar;C:\Users\sowmy\.m2\repository\io\opentelemetry\opentelemetry-sdk-logs\1.48.0\opentelemetry-sdk-logs-1.48.0.jar;C:\Users\sowmy\.m2\repository\net\bytebuddy\byte-buddy\1.17.2\byte-buddy-1.17.2.jar;C:\Users\sowmy\.m2\repository\org\seleniumhq\selenium\selenium-os\4.30.0\selenium-os-4.30.0.jar;C:\Users\sowmy\.m2\repository\org\apache\commons\commons-exec\1.4.0\commons-exec-1.4.0.jar;C:\Users\sowmy\.m2\repository\org\seleniumhq\selenium\selenium-safari-driver\4.30.0\selenium-safari-driver-4.30.0.jar;C:\Users\sowmy\.m2\repository\org\seleniumhq\selenium\selenium-support\4.30.0\selenium-support-4.30.0.jar;C:\Users\sowmy\.m2\repository\com\aventstack\extentreports\5.1.2\extentreports-5.1.2.jar;C:\Users\sowmy\.m2\repository\io\reactivex\rxjava3\rxjava\3.1.6\rxjava-3.1.6.jar;C:\Users\sowmy\.m2\repository\org\reactivestreams\reactive-streams\1.0.4\reactive-streams-1.0.4.jar;C:\Users\sowmy\.m2\repository\org\freemarker\freemarker\2.3.32\freemarker-2.3.32.jar;C:\Users\sowmy\.m2\repository\com\google\code\gson\gson\2.10.1\gson-2.10.1.jar;C:\Users\sowmy\.m2\repository\org\testng\testng\7.11.0\testng-7.11.0.jar;C:\Users\sowmy\.m2\repository\org\jcommander\jcommander\1.83\jcommander-1.83.jar;C:\Users\sowmy\.m2\repository\org\webjars\jquery\3.7.1\jquery-3.7.1.jar;C:\Users\sowmy\.m2\repository\com\fasterxml\jackson\core\jackson-databind\2.18.3\jackson-databind-2.18.3.jar;C:\Users\sowmy\.m2\repository\com\fasterxml\jackson\core\jackson-annotations\2.18.3\jackson-annotations-2.18.3.jar;C:\Users\sowmy\.m2\repository\com\fasterxml\jackson\core\jackson-core\2.18.3\jackson-core-2.18.3.jar;C:\Users\sowmy\.m2\repository\org\slf4j\slf4j-api\2.0.17\slf4j-api-2.0.17.jar;C:\Users\sowmy\.m2\repository\org\slf4j\slf4j-simple\2.0.17\slf4j-simple-2.0.17.jar;C:\Users\sowmy\.m2\repository\io\github\bonigarcia\webdrivermanager\6.0.0\webdrivermanager-6.0.0.jar;C:\Users\sowmy\.m2\repository\com\github\docker-java\docker-java\3.4.2\docker-java-3.4.2.jar;C:\Users\sowmy\.m2\repository\com\github\docker-java\docker-java-core\3.4.2\docker-java-core-3.4.2.jar;C:\Users\sowmy\.m2\repository\com\github\docker-java\docker-java-api\3.4.2\docker-java-api-3.4.2.jar;C:\Users\sowmy\.m2\repository\org\slf4j\jcl-over-slf4j\1.7.30\jcl-over-slf4j-1.7.30.jar;C:\Users\sowmy\.m2\repository\com\github\docker-java\docker-java-transport-httpclient5\3.4.2\docker-java-transport-httpclient5-3.4.2.jar;C:\Users\sowmy\.m2\repository\com\github\docker-java\docker-java-transport\3.4.2\docker-java-transport-3.4.2.jar;C:\Users\sowmy\.m2\repository\net\java\dev\jna\jna\5.13.0\jna-5.13.0.jar;C:\Users\sowmy\.m2\repository\org\brotli\dec\0.1.2\dec-0.1.2.jar;C:\Users\sowmy\.m2\repository\org\apache\commons\commons-lang3\3.17.0\commons-lang3-3.17.0.jar;C:\Users\sowmy\.m2\repository\org\apache\commons\commons-compress\1.27.1\commons-compress-1.27.1.jar;C:\Users\sowmy\.m2\repository\commons-codec\commons-codec\1.17.1\commons-codec-1.17.1.jar;C:\Users\sowmy\.m2\repository\commons-io\commons-io\2.16.1\commons-io-2.16.1.jar;C:\Users\sowmy\.m2\repository\org\apache\httpcomponents\client5\httpclient5\5.2.1\httpclient5-5.2.1.jar;C:\Users\sowmy\.m2\repository\org\apache\httpcomponents\core5\httpcore5\5.2\httpcore5-5.2.jar;C:\Users\sowmy\.m2\repository\org\apache\httpcomponents\core5\httpcore5-h2\5.2\httpcore5-h2-5.2.jar;"/>
    <property name="java.vm.vendor" value="Oracle Corporation"/>
    <property name="sun.arch.data.model" value="64"/>
    <property name="user.variant" value=""/>
    <property name="java.vendor.url" value="https://java.oracle.com/"/>
    <property name="user.timezone" value="Pacific/Auckland"/>
    <property name="os.name" value="Windows 10"/>
    <property name="java.vm.specification.version" value="21"/>
    <property name="sun.java.launcher" value="SUN_STANDARD"/>
    <property name="user.country" value="NZ"/>
    <property name="sun.boot.library.path" value="C:\Program Files\Java\jdk-21\bin"/>
    <property name="sun.java.command" value="C:\Users\sowmy\AppData\Local\Temp\surefire16825256528436618205\surefirebooter-20250402005653344_3.jar C:\Users\sowmy\AppData\Local\Temp\surefire16825256528436618205 2025-04-02T00-56-53_068-jvmRun1 surefire-20250402005653344_1tmp surefire_0-20250402005653344_2tmp"/>
    <property name="jdk.debug" value="release"/>
    <property name="surefire.test.class.path" value="C:\Users\sowmy\CICD project\SeleniumFrameWorkDesign\target\test-classes;C:\Users\sowmy\CICD project\SeleniumFrameWorkDesign\target\classes;C:\Users\sowmy\.m2\repository\io\cucumber\cucumber-java\7.21.1\cucumber-java-7.21.1.jar;C:\Users\sowmy\.m2\repository\io\cucumber\cucumber-core\7.21.1\cucumber-core-7.21.1.jar;C:\Users\sowmy\.m2\repository\io\cucumber\cucumber-gherkin\7.21.1\cucumber-gherkin-7.21.1.jar;C:\Users\sowmy\.m2\repository\io\cucumber\cucumber-gherkin-messages\7.21.1\cucumber-gherkin-messages-7.21.1.jar;C:\Users\sowmy\.m2\repository\io\cucumber\gherkin\31.0.0\gherkin-31.0.0.jar;C:\Users\sowmy\.m2\repository\io\cucumber\messages\27.2.0\messages-27.2.0.jar;C:\Users\sowmy\.m2\repository\io\cucumber\testng-xml-formatter\0.3.1\testng-xml-formatter-0.3.1.jar;C:\Users\sowmy\.m2\repository\io\cucumber\query\13.2.0\query-13.2.0.jar;C:\Users\sowmy\.m2\repository\io\cucumber\tag-expressions\6.1.2\tag-expressions-6.1.2.jar;C:\Users\sowmy\.m2\repository\io\cucumber\cucumber-expressions\18.0.1\cucumber-expressions-18.0.1.jar;C:\Users\sowmy\.m2\repository\io\cucumber\datatable\7.21.1\datatable-7.21.1.jar;C:\Users\sowmy\.m2\repository\io\cucumber\cucumber-plugin\7.21.1\cucumber-plugin-7.21.1.jar;C:\Users\sowmy\.m2\repository\io\cucumber\docstring\7.21.1\docstring-7.21.1.jar;C:\Users\sowmy\.m2\repository\io\cucumber\html-formatter\21.9.0\html-formatter-21.9.0.jar;C:\Users\sowmy\.m2\repository\io\cucumber\junit-xml-formatter\0.7.1\junit-xml-formatter-0.7.1.jar;C:\Users\sowmy\.m2\repository\io\cucumber\ci-environment\10.0.1\ci-environment-10.0.1.jar;C:\Users\sowmy\.m2\repository\org\apiguardian\apiguardian-api\1.1.2\apiguardian-api-1.1.2.jar;C:\Users\sowmy\.m2\repository\io\cucumber\cucumber-testng\7.21.1\cucumber-testng-7.21.1.jar;C:\Users\sowmy\.m2\repository\org\projectlombok\lombok\1.18.36\lombok-1.18.36.jar;C:\Users\sowmy\.m2\repository\org\seleniumhq\selenium\selenium-java\4.30.0\selenium-java-4.30.0.jar;C:\Users\sowmy\.m2\repository\org\seleniumhq\selenium\selenium-api\4.30.0\selenium-api-4.30.0.jar;C:\Users\sowmy\.m2\repository\org\jspecify\jspecify\1.0.0\jspecify-1.0.0.jar;C:\Users\sowmy\.m2\repository\org\seleniumhq\selenium\selenium-chrome-driver\4.30.0\selenium-chrome-driver-4.30.0.jar;C:\Users\sowmy\.m2\repository\com\google\auto\service\auto-service-annotations\1.1.1\auto-service-annotations-1.1.1.jar;C:\Users\sowmy\.m2\repository\org\seleniumhq\selenium\selenium-chromium-driver\4.30.0\selenium-chromium-driver-4.30.0.jar;C:\Users\sowmy\.m2\repository\org\seleniumhq\selenium\selenium-json\4.30.0\selenium-json-4.30.0.jar;C:\Users\sowmy\.m2\repository\org\seleniumhq\selenium\selenium-manager\4.30.0\selenium-manager-4.30.0.jar;C:\Users\sowmy\.m2\repository\org\seleniumhq\selenium\selenium-devtools-v132\4.30.0\selenium-devtools-v132-4.30.0.jar;C:\Users\sowmy\.m2\repository\org\seleniumhq\selenium\selenium-devtools-v133\4.30.0\selenium-devtools-v133-4.30.0.jar;C:\Users\sowmy\.m2\repository\org\seleniumhq\selenium\selenium-devtools-v134\4.30.0\selenium-devtools-v134-4.30.0.jar;C:\Users\sowmy\.m2\repository\org\seleniumhq\selenium\selenium-edge-driver\4.30.0\selenium-edge-driver-4.30.0.jar;C:\Users\sowmy\.m2\repository\org\seleniumhq\selenium\selenium-firefox-driver\4.30.0\selenium-firefox-driver-4.30.0.jar;C:\Users\sowmy\.m2\repository\org\seleniumhq\selenium\selenium-http\4.30.0\selenium-http-4.30.0.jar;C:\Users\sowmy\.m2\repository\org\seleniumhq\selenium\selenium-ie-driver\4.30.0\selenium-ie-driver-4.30.0.jar;C:\Users\sowmy\.m2\repository\org\seleniumhq\selenium\selenium-remote-driver\4.30.0\selenium-remote-driver-4.30.0.jar;C:\Users\sowmy\.m2\repository\com\google\guava\guava\33.4.5-jre\guava-33.4.5-jre.jar;C:\Users\sowmy\.m2\repository\com\google\guava\failureaccess\1.0.3\failureaccess-1.0.3.jar;C:\Users\sowmy\.m2\repository\com\google\guava\listenablefuture\9999.0-empty-to-avoid-conflict-with-guava\listenablefuture-9999.0-empty-to-avoid-conflict-with-guava.jar;C:\Users\sowmy\.m2\repository\com\google\errorprone\error_prone_annotations\2.36.0\error_prone_annotations-2.36.0.jar;C:\Users\sowmy\.m2\repository\com\google\j2objc\j2objc-annotations\3.0.0\j2objc-annotations-3.0.0.jar;C:\Users\sowmy\.m2\repository\io\opentelemetry\opentelemetry-api\1.48.0\opentelemetry-api-1.48.0.jar;C:\Users\sowmy\.m2\repository\io\opentelemetry\opentelemetry-context\1.48.0\opentelemetry-context-1.48.0.jar;C:\Users\sowmy\.m2\repository\io\opentelemetry\opentelemetry-exporter-logging\1.48.0\opentelemetry-exporter-logging-1.48.0.jar;C:\Users\sowmy\.m2\repository\io\opentelemetry\opentelemetry-sdk-common\1.48.0\opentelemetry-sdk-common-1.48.0.jar;C:\Users\sowmy\.m2\repository\io\opentelemetry\opentelemetry-sdk-extension-autoconfigure-spi\1.48.0\opentelemetry-sdk-extension-autoconfigure-spi-1.48.0.jar;C:\Users\sowmy\.m2\repository\io\opentelemetry\opentelemetry-sdk-extension-autoconfigure\1.48.0\opentelemetry-sdk-extension-autoconfigure-1.48.0.jar;C:\Users\sowmy\.m2\repository\io\opentelemetry\opentelemetry-sdk-trace\1.48.0\opentelemetry-sdk-trace-1.48.0.jar;C:\Users\sowmy\.m2\repository\io\opentelemetry\opentelemetry-sdk\1.48.0\opentelemetry-sdk-1.48.0.jar;C:\Users\sowmy\.m2\repository\io\opentelemetry\opentelemetry-sdk-metrics\1.48.0\opentelemetry-sdk-metrics-1.48.0.jar;C:\Users\sowmy\.m2\repository\io\opentelemetry\opentelemetry-sdk-logs\1.48.0\opentelemetry-sdk-logs-1.48.0.jar;C:\Users\sowmy\.m2\repository\net\bytebuddy\byte-buddy\1.17.2\byte-buddy-1.17.2.jar;C:\Users\sowmy\.m2\repository\org\seleniumhq\selenium\selenium-os\4.30.0\selenium-os-4.30.0.jar;C:\Users\sowmy\.m2\repository\org\apache\commons\commons-exec\1.4.0\commons-exec-1.4.0.jar;C:\Users\sowmy\.m2\repository\org\seleniumhq\selenium\selenium-safari-driver\4.30.0\selenium-safari-driver-4.30.0.jar;C:\Users\sowmy\.m2\repository\org\seleniumhq\selenium\selenium-support\4.30.0\selenium-support-4.30.0.jar;C:\Users\sowmy\.m2\repository\com\aventstack\extentreports\5.1.2\extentreports-5.1.2.jar;C:\Users\sowmy\.m2\repository\io\reactivex\rxjava3\rxjava\3.1.6\rxjava-3.1.6.jar;C:\Users\sowmy\.m2\repository\org\reactivestreams\reactive-streams\1.0.4\reactive-streams-1.0.4.jar;C:\Users\sowmy\.m2\repository\org\freemarker\freemarker\2.3.32\freemarker-2.3.32.jar;C:\Users\sowmy\.m2\repository\com\google\code\gson\gson\2.10.1\gson-2.10.1.jar;C:\Users\sowmy\.m2\repository\org\testng\testng\7.11.0\testng-7.11.0.jar;C:\Users\sowmy\.m2\repository\org\jcommander\jcommander\1.83\jcommander-1.83.jar;C:\Users\sowmy\.m2\repository\org\webjars\jquery\3.7.1\jquery-3.7.1.jar;C:\Users\sowmy\.m2\repository\com\fasterxml\jackson\core\jackson-databind\2.18.3\jackson-databind-2.18.3.jar;C:\Users\sowmy\.m2\repository\com\fasterxml\jackson\core\jackson-annotations\2.18.3\jackson-annotations-2.18.3.jar;C:\Users\sowmy\.m2\repository\com\fasterxml\jackson\core\jackson-core\2.18.3\jackson-core-2.18.3.jar;C:\Users\sowmy\.m2\repository\org\slf4j\slf4j-api\2.0.17\slf4j-api-2.0.17.jar;C:\Users\sowmy\.m2\repository\org\slf4j\slf4j-simple\2.0.17\slf4j-simple-2.0.17.jar;C:\Users\sowmy\.m2\repository\io\github\bonigarcia\webdrivermanager\6.0.0\webdrivermanager-6.0.0.jar;C:\Users\sowmy\.m2\repository\com\github\docker-java\docker-java\3.4.2\docker-java-3.4.2.jar;C:\Users\sowmy\.m2\repository\com\github\docker-java\docker-java-core\3.4.2\docker-java-core-3.4.2.jar;C:\Users\sowmy\.m2\repository\com\github\docker-java\docker-java-api\3.4.2\docker-java-api-3.4.2.jar;C:\Users\sowmy\.m2\repository\org\slf4j\jcl-over-slf4j\1.7.30\jcl-over-slf4j-1.7.30.jar;C:\Users\sowmy\.m2\repository\com\github\docker-java\docker-java-transport-httpclient5\3.4.2\docker-java-transport-httpclient5-3.4.2.jar;C:\Users\sowmy\.m2\repository\com\github\docker-java\docker-java-transport\3.4.2\docker-java-transport-3.4.2.jar;C:\Users\sowmy\.m2\repository\net\java\dev\jna\jna\5.13.0\jna-5.13.0.jar;C:\Users\sowmy\.m2\repository\org\brotli\dec\0.1.2\dec-0.1.2.jar;C:\Users\sowmy\.m2\repository\org\apache\commons\commons-lang3\3.17.0\commons-lang3-3.17.0.jar;C:\Users\sowmy\.m2\repository\org\apache\commons\commons-compress\1.27.1\commons-compress-1.27.1.jar;C:\Users\sowmy\.m2\repository\commons-codec\commons-codec\1.17.1\commons-codec-1.17.1.jar;C:\Users\sowmy\.m2\repository\commons-io\commons-io\2.16.1\commons-io-2.16.1.jar;C:\Users\sowmy\.m2\repository\org\apache\httpcomponents\client5\httpclient5\5.2.1\httpclient5-5.2.1.jar;C:\Users\sowmy\.m2\repository\org\apache\httpcomponents\core5\httpcore5\5.2\httpcore5-5.2.jar;C:\Users\sowmy\.m2\repository\org\apache\httpcomponents\core5\httpcore5-h2\5.2\httpcore5-h2-5.2.jar;"/>
    <property name="sun.cpu.endian" value="little"/>
    <property name="user.home" value="C:\Users\sowmy"/>
    <property name="user.language" value="en"/>
    <property name="java.specification.vendor" value="Oracle Corporation"/>
    <property name="java.version.date" value="2025-01-21"/>
    <property name="java.home" value="C:\Program Files\Java\jdk-21"/>
    <property name="file.separator" value="\"/>
    <property name="basedir" value="C:\Users\sowmy\CICD project\SeleniumFrameWorkDesign"/>
    <property name="java.vm.compressedOopsMode" value="32-bit"/>
    <property name="line.separator" value="&#10;"/>
    <property name="java.vm.specification.vendor" value="Oracle Corporation"/>
    <property name="java.specification.name" value="Java Platform API Specification"/>
    <property name="surefire.real.class.path" value="C:\Users\sowmy\AppData\Local\Temp\surefire16825256528436618205\surefirebooter-20250402005653344_3.jar"/>
    <property name="user.script" value=""/>
    <property name="sun.management.compiler" value="HotSpot 64-Bit Tiered Compilers"/>
    <property name="java.runtime.version" value="21.0.6+8-LTS-188"/>
    <property name="user.name" value="sowmy"/>
    <property name="stdout.encoding" value="Cp1252"/>
    <property name="path.separator" value=";"/>
    <property name="os.version" value="10.0"/>
    <property name="java.runtime.name" value="Java(TM) SE Runtime Environment"/>
    <property name="file.encoding" value="UTF-8"/>
    <property name="browser" value="chrome"/>
    <property name="java.vm.name" value="Java HotSpot(TM) 64-Bit Server VM"/>
    <property name="localRepository" value="C:\Users\sowmy\.m2\repository"/>
    <property name="java.vendor.url.bug" value="https://bugreport.java.com/bugreport/"/>
    <property name="java.io.tmpdir" value="C:\Users\sowmy\AppData\Local\Temp\"/>
    <property name="java.version" value="21.0.6"/>
    <property name="user.dir" value="C:\Users\sowmy\CICD project\SeleniumFrameWorkDesign"/>
    <property name="os.arch" value="amd64"/>
    <property name="java.vm.specification.name" value="Java Virtual Machine Specification"/>
    <property name="sun.os.patch.level" value=""/>
    <property name="native.encoding" value="Cp1252"/>
    <property name="java.library.path" value="C:\Program Files\Java\jdk-21\bin;C:\WINDOWS\Sun\Java\bin;C:\WINDOWS\system32;C:\WINDOWS;C:\Program Files\Common Files\Oracle\Java\javapath;C:\Program Files (x86)\Common Files\Oracle\Java\java8path;C:\Program Files (x86)\Common Files\Oracle\Java\javapath;C:\ProgramData\Oracle\Java\javapath;C:\WINDOWS\system32;C:\WINDOWS;C:\WINDOWS\System32\Wbem;C:\WINDOWS\System32\WindowsPowerShell\v1.0\;C:\WINDOWS\System32\OpenSSH\;C:\Program Files\Java\jdk-21\bin;C:\Program Files\Git\cmd;C:\maven\apache-maven-3.9.9\bin;C:\Users\sowmy\AppData\Local\Microsoft\WindowsApps;C:\Users\sowmy\AppData\Local\Programs\Microsoft VS Code\bin;;."/>
    <property name="java.vm.info" value="mixed mode, sharing"/>
    <property name="stderr.encoding" value="Cp1252"/>
    <property name="java.vendor" value="Oracle Corporation"/>
    <property name="java.vm.version" value="21.0.6+8-LTS-188"/>
    <property name="sun.io.unicode.encoding" value="UnicodeLittle"/>
    <property name="java.class.version" value="65.0"/>
  </properties>
  <testcase name="submitOrder[{password=Sairam81, email=depurusowmya@gmail.com, productName=ZARA COAT 3}](1)" classname="rahulShettyAcademy.Tests.SubmitOrderTest_PageObjectModel" time="18.583"/>
  <testcase name="submitOrder[{password=Iamking@000, email=anshika@gmail.com, productName=ADIDAS ORIGINAL}](2)" classname="rahulShettyAcademy.Tests.SubmitOrderTest_PageObjectModel" time="7.707"/>
  <testcase name="OrderHistoryTest" classname="rahulShettyAcademy.Tests.SubmitOrderTest_PageObjectModel" time="1.331"/>
  <testcase name="loginErrorValidation" classname="rahulShettyAcademy.Tests.ErrorValidationTest" time="1.188"/>
  <testcase name="productErrorValidation" classname="rahulShettyAcademy.Tests.ErrorValidationTest" time="14.698"/>
</testsuite>