<?xml version="1.0" encoding="UTF-8"?>
<!-- Generated by org.testng.reporters.JUnitReportReporter -->
<testsuite hostname="DESKTOP-6PBEHV5" failures="0" tests="2" name="rahulShettyAcademy.Tests.ErrorValidationTest" time="30.885" errors="0" timestamp="2025-03-31T15:15:26 NZDT" skipped="0">
  <testcase classname="rahulShettyAcademy.Tests.ErrorValidationTest" name="loginErrorValidation" time="12.553"/>
  <testcase classname="rahulShettyAcademy.Tests.ErrorValidationTest" name="productErrorValidation" time="18.332"/>
</testsuite> <!-- rahulShettyAcademy.Tests.ErrorValidationTest -->
