<?xml version="1.0" encoding="UTF-8"?>
<!-- Generated by org.testng.reporters.JUnitReportReporter -->
<testsuite hostname="DESKTOP-6PBEHV5" failures="0" tests="3" name="rahulShettyAcademy.Tests.SubmitOrderTest_PageObjectModel" time="50.411" errors="0" timestamp="2025-03-31T15:15:26 NZDT" skipped="0">
  <testcase classname="rahulShettyAcademy.Tests.SubmitOrderTest_PageObjectModel" name="submitOrder" time="12.959"/>
  <testcase classname="rahulShettyAcademy.Tests.SubmitOrderTest_PageObjectModel" name="submitOrder" time="25.906"/>
  <testcase classname="rahulShettyAcademy.Tests.SubmitOrderTest_PageObjectModel" name="OrderHistoryTest" time="11.546"/>
</testsuite> <!-- rahulShettyAcademy.Tests.SubmitOrderTest_PageObjectModel -->
