<?xml version="1.0" encoding="UTF-8"?>
<!-- Generated by org.testng.reporters.JUnitReportReporter -->
<testsuite hostname="DESKTOP-6PBEHV5" failures="0" tests="2" name="rahulShettyAcademy.Tests.ErrorValidationTest" time="55.302" errors="0" timestamp="2025-04-02T00:59:23 NZDT" skipped="0">
  <testcase classname="rahulShettyAcademy.Tests.ErrorValidationTest" name="loginErrorValidation" time="14.297"/>
  <testcase classname="rahulShettyAcademy.Tests.ErrorValidationTest" name="productErrorValidation" time="41.005"/>
</testsuite> <!-- rahulShettyAcademy.Tests.ErrorValidationTest -->
