<?xml version="1.0" encoding="UTF-8"?>
<!-- Generated by org.testng.reporters.JUnitReportReporter -->
<testsuite hostname="DESKTOP-6PBEHV5" failures="0" tests="3" name="rahulShettyAcademy.Tests.SubmitOrderTest_PageObjectModel" time="91.928" errors="0" timestamp="2025-04-02T00:59:23 NZDT" skipped="0">
  <testcase classname="rahulShettyAcademy.Tests.SubmitOrderTest_PageObjectModel" name="submitOrder" time="33.407"/>
  <testcase classname="rahulShettyAcademy.Tests.SubmitOrderTest_PageObjectModel" name="OrderHistoryTest" time="17.129"/>
  <testcase classname="rahulShettyAcademy.Tests.SubmitOrderTest_PageObjectModel" name="submitOrder" time="41.392"/>
</testsuite> <!-- rahulShettyAcademy.Tests.SubmitOrderTest_PageObjectModel -->
