<?xml version="1.0" encoding="UTF-8"?>
<!-- Generated by org.testng.reporters.JUnitReportReporter -->
<testsuite hostname="DESKTOP-6PBEHV5" failures="0" tests="1" name="cucumber.TestNGTestRunner" time="49.269" errors="0" timestamp="2025-03-31T15:39:24 NZDT" skipped="0">
  <testcase classname="cucumber.TestNGTestRunner" name="runScenario" time="49.269"/>
</testsuite> <!-- cucumber.TestNGTestRunner -->
