<?xml version="1.0" encoding="UTF-8"?>
<!-- Generated by org.testng.reporters.JUnitReportReporter -->
<testsuite hostname="DESKTOP-6PBEHV5" failures="0" tests="2" name="rahulShettyAcademy.Tests.ErrorValidation" time="44.317" errors="0" timestamp="2025-03-29T01:27:48 NZDT" skipped="0">
  <testcase classname="rahulShettyAcademy.Tests.ErrorValidation" name="loginErrorValidation" time="31.188"/>
  <testcase classname="rahulShettyAcademy.Tests.ErrorValidation" name="productErrorValidation" time="13.129"/>
</testsuite> <!-- rahulShettyAcademy.Tests.ErrorValidation -->
