<?xml version="1.0" encoding="UTF-8"?>
<!-- Generated by org.testng.reporters.JUnitReportReporter -->
<testsuite hostname="DESKTOP-6PBEHV5" failures="0" tests="2" name="rahulShettyAcademy.Tests.SubmitOrderTest_PageObjectModel" time="57.350" errors="0" timestamp="2025-03-29T01:29:07 NZDT" skipped="0">
  <testcase classname="rahulShettyAcademy.Tests.SubmitOrderTest_PageObjectModel" name="submitOrder" time="29.174"/>
  <testcase classname="rahulShettyAcademy.Tests.SubmitOrderTest_PageObjectModel" name="submitOrder" time="28.176"/>
</testsuite> <!-- rahulShettyAcademy.Tests.SubmitOrderTest_PageObjectModel -->
